<?xml version="1.0" encoding="UTF-8"?>
<testng-results skipped="0" failed="0" ignored="0" total="1" passed="1">
  <reporter-output>
  </reporter-output>
  <suite name="Default suite" duration-ms="1226" started-at="2020-02-13T10:06:06Z" finished-at="2020-02-13T10:06:08Z">
    <groups>
    </groups>
    <test name="Default test" duration-ms="1226" started-at="2020-02-13T10:06:06Z" finished-at="2020-02-13T10:06:08Z">
      <class name="com.qa.test.PostApiTest">
        <test-method status="PASS" signature="setup()[pri:0, instance:com.qa.test.PostApiTest@215be6bb]" name="setup" is-config="true" duration-ms="6" started-at="2020-02-13T15:36:06Z" finished-at="2020-02-13T15:36:06Z">
          <reporter-output>
          </reporter-output>
        </test-method> <!-- setup -->
        <test-method status="PASS" signature="PostTestMethod()[pri:0, instance:com.qa.test.PostApiTest@215be6bb]" name="PostTestMethod" duration-ms="1203" started-at="2020-02-13T15:36:06Z" finished-at="2020-02-13T15:36:08Z">
          <reporter-output>
          </reporter-output>
        </test-method> <!-- PostTestMethod -->
      </class> <!-- com.qa.test.PostApiTest -->
    </test> <!-- Default test -->
  </suite> <!-- Default suite -->
</testng-results>
